
> guide-app-webapp@0.1.0 dev
> vite --host 0.0.0.0 --port 5190


  [32m[1mVITE[22m v5.4.21[39m  [2mready in [0m[1m934[22m[2m[0m ms[22m

  [32m➜[39m  [1mLocal[22m:   [36mhttp://localhost:[1m5190[22m/[39m
  [32m➜[39m  [1mNetwork[22m: [36mhttp://192.168.12.228:[1m5190[22m/[39m
[2m[32m  ➜[39m[22m[2m  press [22m[1mh + enter[22m[2m to show help[22m
[2m18:58:27[22m [36m[1m[vite][22m[39m [32mhmr update [39m[2m/src/components/home/FeatureGrid.tsx[22m
[2m18:58:38[22m [36m[1m[vite][22m[39m [32mhmr update [39m[2m/src/components/home/FeatureGrid.tsx[22m
[2m18:58:52[22m [36m[1m[vite][22m[39m [32mhmr update [39m[2m/src/pages/HomePage.tsx[22m
[2m19:20:27[22m [36m[1m[vite][22m[39m [32mhmr update [39m[2m/src/components/listing/CategoryExplorer.tsx, /src/pages/OwnerPage.tsx, /src/components/owner/OwnerHomeManager.tsx, /src/components/layout/AppShell.tsx, /src/pages/ContactsPage.tsx, /src/pages/ListingDetailPage.tsx, /src/pages/ProgramsPage.tsx, /src/components/listing/ListingCard.tsx, /src/components/home/FeatureGrid.tsx, /src/components/owner/OwnerAnalyticsPanel.tsx, /src/pages/SearchPage.tsx, /src/pages/FavoritesPage.tsx, /src/pages/HomePage.tsx, /src/pages/NearbyPage.tsx, /src/components/owner/OwnerPlacesManager.tsx, /src/components/owner/OwnerTipsManager.tsx, /src/components/owner/OwnerCategoryOverview.tsx[22m
[2m19:25:37[22m [36m[1m[vite][22m[39m [32mhmr update [39m[2m/src/pages/OwnerPage.tsx, /src/components/owner/OwnerHomeManager.tsx, /src/components/layout/AppShell.tsx, /src/pages/ContactsPage.tsx, /src/pages/ListingDetailPage.tsx, /src/pages/ProgramsPage.tsx, /src/components/listing/ListingCard.tsx, /src/components/home/FeatureGrid.tsx, /src/components/owner/OwnerAnalyticsPanel.tsx, /src/pages/SearchPage.tsx, /src/pages/FavoritesPage.tsx, /src/pages/HomePage.tsx, /src/pages/NearbyPage.tsx, /src/components/listing/CategoryExplorer.tsx, /src/components/owner/OwnerPlacesManager.tsx, /src/components/owner/OwnerTipsManager.tsx, /src/components/owner/OwnerCategoryOverview.tsx[22m
[2m19:26:01[22m [36m[1m[vite][22m[39m [32mhmr update [39m[2m/src/components/listing/CategoryExplorer.tsx, /src/pages/OwnerPage.tsx, /src/components/owner/OwnerHomeManager.tsx, /src/components/layout/AppShell.tsx, /src/pages/ContactsPage.tsx, /src/pages/ListingDetailPage.tsx, /src/pages/ProgramsPage.tsx, /src/components/listing/ListingCard.tsx, /src/components/home/FeatureGrid.tsx, /src/components/owner/OwnerAnalyticsPanel.tsx, /src/pages/SearchPage.tsx, /src/pages/FavoritesPage.tsx, /src/pages/HomePage.tsx, /src/pages/NearbyPage.tsx, /src/components/owner/OwnerPlacesManager.tsx, /src/components/owner/OwnerTipsManager.tsx, /src/components/owner/OwnerCategoryOverview.tsx[22m
[2m19:27:04[22m [36m[1m[vite][22m[39m [32mhmr update [39m[2m/src/components/common/CategoryIcon.tsx[22m
[2m19:30:16[22m [36m[1m[vite][22m[39m [32mhmr update [39m[2m/src/components/listing/CategoryExplorer.tsx, /src/pages/OwnerPage.tsx, /src/components/owner/OwnerHomeManager.tsx, /src/components/layout/AppShell.tsx, /src/pages/ContactsPage.tsx, /src/pages/ListingDetailPage.tsx, /src/pages/ProgramsPage.tsx, /src/components/listing/ListingCard.tsx, /src/components/home/FeatureGrid.tsx, /src/components/owner/OwnerAnalyticsPanel.tsx, /src/pages/SearchPage.tsx, /src/pages/FavoritesPage.tsx, /src/pages/HomePage.tsx, /src/pages/NearbyPage.tsx, /src/components/owner/OwnerPlacesManager.tsx, /src/components/owner/OwnerTipsManager.tsx, /src/components/owner/OwnerCategoryOverview.tsx[22m
[2m19:30:36[22m [36m[1m[vite][22m[39m [32mhmr update [39m[2m/src/pages/ProgramsPage.tsx, /src/components/home/FeatureGrid.tsx[22m
[2m19:30:54[22m [36m[1m[vite][22m[39m [32mhmr update [39m[2m/src/pages/NearbyPage.tsx[22m
[2m19:31:08[22m [36m[1m[vite][22m[39m [32mhmr update [39m[2m/src/pages/ProgramsPage.tsx, /src/components/home/FeatureGrid.tsx[22m
[2m19:31:43[22m [36m[1m[vite][22m[39m [32mhmr update [39m[2m/src/pages/ProgramsPage.tsx, /src/components/home/FeatureGrid.tsx[22m
[2m19:32:58[22m [36m[1m[vite][22m[39m [32mhmr update [39m[2m/src/pages/OwnerPage.tsx, /src/components/owner/OwnerHomeManager.tsx, /src/components/layout/AppShell.tsx, /src/pages/ContactsPage.tsx, /src/pages/ListingDetailPage.tsx, /src/pages/ProgramsPage.tsx, /src/components/listing/ListingCard.tsx, /src/components/home/FeatureGrid.tsx, /src/components/owner/OwnerAnalyticsPanel.tsx, /src/pages/SearchPage.tsx, /src/pages/FavoritesPage.tsx, /src/pages/HomePage.tsx, /src/pages/NearbyPage.tsx, /src/components/listing/CategoryExplorer.tsx, /src/components/owner/OwnerPlacesManager.tsx, /src/components/owner/OwnerTipsManager.tsx, /src/components/owner/OwnerCategoryOverview.tsx[22m
[2m19:34:39[22m [36m[1m[vite][22m[39m [32mhmr update [39m[2m/src/components/listing/CategoryExplorer.tsx, /src/pages/OwnerPage.tsx, /src/components/owner/OwnerHomeManager.tsx, /src/components/layout/AppShell.tsx, /src/pages/ContactsPage.tsx, /src/pages/ListingDetailPage.tsx, /src/pages/ProgramsPage.tsx, /src/components/listing/ListingCard.tsx, /src/components/home/FeatureGrid.tsx, /src/components/owner/OwnerAnalyticsPanel.tsx, /src/pages/SearchPage.tsx, /src/pages/FavoritesPage.tsx, /src/pages/HomePage.tsx, /src/pages/NearbyPage.tsx, /src/components/owner/OwnerPlacesManager.tsx, /src/components/owner/OwnerTipsManager.tsx, /src/components/owner/OwnerCategoryOverview.tsx[22m
[2m19:34:51[22m [36m[1m[vite][22m[39m [32mhmr update [39m[2m/src/pages/OwnerPage.tsx, /src/components/owner/OwnerHomeManager.tsx, /src/components/layout/AppShell.tsx, /src/pages/ContactsPage.tsx, /src/pages/ListingDetailPage.tsx, /src/pages/ProgramsPage.tsx, /src/components/listing/ListingCard.tsx, /src/components/home/FeatureGrid.tsx, /src/components/owner/OwnerAnalyticsPanel.tsx, /src/pages/SearchPage.tsx, /src/pages/FavoritesPage.tsx, /src/pages/HomePage.tsx, /src/pages/NearbyPage.tsx, /src/components/listing/CategoryExplorer.tsx, /src/components/owner/OwnerPlacesManager.tsx, /src/components/owner/OwnerTipsManager.tsx, /src/components/owner/OwnerCategoryOverview.tsx[22m
[2m19:37:32[22m [36m[1m[vite][22m[39m [32mhmr update [39m[2m/src/components/common/CategoryIcon.tsx[22m
[2m19:37:32[22m [36m[1m[vite][22m[39m [32mhmr update [39m[2m/src/pages/ProgramsPage.tsx, /src/components/home/FeatureGrid.tsx[22m
[2m19:37:32[22m [36m[1m[vite][22m[39m [32mhmr update [39m[2m/src/components/listing/CategoryExplorer.tsx, /src/pages/OwnerPage.tsx, /src/components/owner/OwnerHomeManager.tsx, /src/components/layout/AppShell.tsx, /src/pages/ContactsPage.tsx, /src/pages/ListingDetailPage.tsx, /src/pages/ProgramsPage.tsx, /src/components/listing/ListingCard.tsx, /src/components/home/FeatureGrid.tsx, /src/components/owner/OwnerAnalyticsPanel.tsx, /src/pages/SearchPage.tsx, /src/pages/FavoritesPage.tsx, /src/pages/HomePage.tsx, /src/pages/NearbyPage.tsx, /src/components/owner/OwnerPlacesManager.tsx, /src/components/owner/OwnerTipsManager.tsx, /src/components/owner/OwnerCategoryOverview.tsx[22m
[2m19:37:32[22m [36m[1m[vite][22m[39m [32mhmr update [39m[2m/src/pages/OwnerPage.tsx, /src/components/owner/OwnerHomeManager.tsx, /src/components/layout/AppShell.tsx, /src/pages/ContactsPage.tsx, /src/pages/ListingDetailPage.tsx, /src/pages/ProgramsPage.tsx, /src/components/listing/ListingCard.tsx, /src/components/home/FeatureGrid.tsx, /src/components/owner/OwnerAnalyticsPanel.tsx, /src/pages/SearchPage.tsx, /src/pages/FavoritesPage.tsx, /src/pages/HomePage.tsx, /src/pages/NearbyPage.tsx, /src/components/listing/CategoryExplorer.tsx, /src/components/owner/OwnerPlacesManager.tsx, /src/components/owner/OwnerTipsManager.tsx, /src/components/owner/OwnerCategoryOverview.tsx[22m
[2m19:42:42[22m [36m[1m[vite][22m[39m [32mhmr update [39m[2m/src/components/home/FeatureGrid.tsx[22m
[2m19:44:33[22m [36m[1m[vite][22m[39m [32mhmr update [39m[2m/src/styles/reference-rebuild.css[22m
[2m19:45:16[22m [36m[1m[vite][22m[39m [32mhmr update [39m[2m/src/styles/reference-rebuild.css[22m
[2m20:35:03[22m [36m[1m[vite][22m[39m [32mhmr update [39m[2m/src/pages/ProgramsPage.tsx, /src/components/home/FeatureGrid.tsx[22m
[2m20:35:21[22m [36m[1m[vite][22m[39m [32mhmr update [39m[2m/src/styles/reference-rebuild.css[22m
[2m20:45:23[22m [36m[1m[vite][22m[39m [32mhmr update [39m[2m/src/components/home/FeatureGrid.tsx[22m
[2m20:46:09[22m [36m[1m[vite][22m[39m [32mhmr update [39m[2m/src/pages/HomePage.tsx[22m
[2m20:46:27[22m [36m[1m[vite][22m[39m [32mhmr update [39m[2m/src/components/home/FeatureGrid.tsx[22m
[2m20:46:54[22m [36m[1m[vite][22m[39m [32mhmr update [39m[2m/src/styles/reference-rebuild.css[22m
[2m21:30:54[22m [36m[1m[vite][22m[39m [32mhmr update [39m[2m/src/components/home/FeatureGrid.tsx[22m
[2m21:31:08[22m [36m[1m[vite][22m[39m [32mhmr update [39m[2m/src/components/home/FeatureGrid.tsx[22m
[2m21:35:01[22m [36m[1m[vite][22m[39m [32mhmr update [39m[2m/src/styles/reference-rebuild.css[22m
[2m21:43:09[22m [36m[1m[vite][22m[39m [32mhmr update [39m[2m/src/components/home/FeatureGrid.tsx[22m
[2m21:43:26[22m [36m[1m[vite][22m[39m [32mhmr update [39m[2m/src/pages/OwnerPage.tsx, /src/components/owner/OwnerHomeManager.tsx, /src/components/layout/AppShell.tsx, /src/pages/ContactsPage.tsx, /src/pages/ListingDetailPage.tsx, /src/pages/ProgramsPage.tsx, /src/components/listing/ListingCard.tsx, /src/components/home/FeatureGrid.tsx, /src/components/owner/OwnerAnalyticsPanel.tsx, /src/pages/SearchPage.tsx, /src/pages/FavoritesPage.tsx, /src/pages/HomePage.tsx, /src/pages/NearbyPage.tsx, /src/components/listing/CategoryExplorer.tsx, /src/components/owner/OwnerPlacesManager.tsx, /src/components/owner/OwnerTipsManager.tsx, /src/components/owner/OwnerCategoryOverview.tsx[22m
[2m21:45:11[22m [36m[1m[vite][22m[39m [32mhmr update [39m[2m/src/styles/reference-rebuild.css[22m
[2m21:45:26[22m [36m[1m[vite][22m[39m [32mhmr update [39m[2m/src/styles/reference-rebuild.css[22m
[2m21:45:41[22m [36m[1m[vite][22m[39m [32mhmr update [39m[2m/src/styles/reference-rebuild.css[22m
[2m21:45:58[22m [36m[1m[vite][22m[39m [32mhmr update [39m[2m/src/styles/reference-rebuild.css[22m
[2m21:46:13[22m [36m[1m[vite][22m[39m [32mhmr update [39m[2m/src/styles/reference-rebuild.css[22m
[2m21:47:09[22m [36m[1m[vite][22m[39m [32mhmr update [39m[2m/src/components/layout/AppShell.tsx, /src/pages/ContactsPage.tsx, /src/pages/ListingDetailPage.tsx, /src/pages/ProgramsPage.tsx, /src/components/listing/ListingCard.tsx, /src/components/home/FeatureGrid.tsx, /src/components/owner/OwnerAnalyticsPanel.tsx[22m
[2m21:53:15[22m [36m[1m[vite][22m[39m [32mhmr update [39m[2m/src/styles/reference-rebuild.css[22m
[2m22:10:56[22m [36m[1m[vite][22m[39m [32mhmr update [39m[2m/src/components/home/FeatureGrid.tsx[22m
[2m22:10:56[22m [36m[1m[vite][22m[39m [32mhmr update [39m[2m/src/components/home/FeatureGrid.tsx[22m
[2m22:11:15[22m [36m[1m[vite][22m[39m [32mhmr update [39m[2m/src/components/layout/PageHeader.tsx[22m
[2m22:11:32[22m [36m[1m[vite][22m[39m [32mhmr update [39m[2m/src/components/listing/CategoryExplorer.tsx[22m
[2m22:11:41[22m [36m[1m[vite][22m[39m [32mhmr update [39m[2m/src/pages/ContactsPage.tsx[22m
[2m22:11:49[22m [36m[1m[vite][22m[39m [32mhmr update [39m[2m/src/pages/HelpPage.tsx[22m
[2m22:11:59[22m [36m[1m[vite][22m[39m [32mhmr update [39m[2m/src/pages/OwnerLoginPage.tsx[22m
[2m22:12:10[22m [36m[1m[vite][22m[39m [32mhmr update [39m[2m/src/pages/OwnerPage.tsx[22m
[2m22:15:18[22m [36m[1m[vite][22m[39m [32mhmr update [39m[2m/src/styles/reference-rebuild.css[22m
[2m22:15:35[22m [36m[1m[vite][22m[39m [32mhmr update [39m[2m/src/styles/reference-rebuild.css[22m
[2m22:15:46[22m [36m[1m[vite][22m[39m [32mhmr update [39m[2m/src/styles/reference-rebuild.css[22m
[2m22:16:03[22m [36m[1m[vite][22m[39m [32mhmr update [39m[2m/src/styles/reference-rebuild.css[22m
