[31mfailed to load config from D:\guide-app-source\webapp\vite.config.ts[39m
[31merror when starting dev server:
Error: spawn EPERM
    at ChildProcess.spawn (node:internal/child_process:420:11)
    at Object.spawn (node:child_process:762:9)
    at ensureServiceIsRunning (D:\guide-app-source\node_modules\esbuild\lib\main.js:1975:29)
    at build (D:\guide-app-source\node_modules\esbuild\lib\main.js:1873:26)
    at bundleConfigFile (file:///D:/guide-app-source/node_modules/vite/dist/node/chunks/dep-BK3b2jBa.js:66845:24)
    at loadConfigFromFile (file:///D:/guide-app-source/node_modules/vite/dist/node/chunks/dep-BK3b2jBa.js:66815:27)
    at resolveConfig (file:///D:/guide-app-source/node_modules/vite/dist/node/chunks/dep-BK3b2jBa.js:66416:30)
    at _createServer (file:///D:/guide-app-source/node_modules/vite/dist/node/chunks/dep-BK3b2jBa.js:63015:24)
    at createServer (file:///D:/guide-app-source/node_modules/vite/dist/node/chunks/dep-BK3b2jBa.js:63012:10)
    at CAC.<anonymous> (file:///D:/guide-app-source/node_modules/vite/dist/node/cli.js:736:26)[39m
npm error Lifecycle script `dev` failed with error:
npm error code 1
npm error path D:\guide-app-source\webapp
npm error workspace guide-app-webapp@0.1.0
npm error location D:\guide-app-source\webapp
npm error command failed
npm error command C:\WINDOWS\system32\cmd.exe /d /s /c vite --host 0.0.0.0 --port 5180
